

Started GET "/" for ::1 at 2015-10-14 10:37:02 -0500
Processing by Rails::WelcomeController#index as HTML
  Rendered /Users/sv032366/.rvm/gems/ruby-2.1.2/gems/railties-4.2.4/lib/rails/templates/rails/welcome/index.html.erb (1.6ms)
Completed 200 OK in 14ms (Views: 5.9ms | ActiveRecord: 0.0ms)
DEPRECATION WARNING: Defining a route where `to` is a controller without an action is deprecated. Please change `to: 'landing_page/home'` to `controller: 'landing_page/home'`. (called from block in <top (required)> at /Users/sv032366/minions/mySite/MyWebSite/mySite/config/routes.rb:4)


Started GET "/" for ::1 at 2015-10-14 10:37:57 -0500
Processing by LandingPageController#home as HTML
  Rendered landing_page/home.html.erb within layouts/application (0.9ms)
Completed 200 OK in 1229ms (Views: 1219.6ms | ActiveRecord: 0.0ms)


Started GET "/assets/portfolio_page.self-e3b0c44298fc1c149afbf4c8996fb92427ae41e4649b934ca495991b7852b855.css?body=1" for ::1 at 2015-10-14 10:37:59 -0500


Started GET "/assets/landing_page.self-e3b0c44298fc1c149afbf4c8996fb92427ae41e4649b934ca495991b7852b855.css?body=1" for ::1 at 2015-10-14 10:37:59 -0500


Started GET "/assets/landing_page.self-877aef30ae1b040ab8a3aba4e3e309a11d7f2612f44dde450b5c157aa5f95c05.js?body=1" for ::1 at 2015-10-14 10:37:59 -0500


Started GET "/assets/portfolio_page.self-877aef30ae1b040ab8a3aba4e3e309a11d7f2612f44dde450b5c157aa5f95c05.js?body=1" for ::1 at 2015-10-14 10:37:59 -0500


Started GET "/" for ::1 at 2015-10-14 11:35:19 -0500
Processing by LandingPageController#home as HTML
  Rendered landing_page/home.html.erb within layouts/application (1.9ms)
Completed 500 Internal Server Error in 176ms (ActiveRecord: 0.0ms)

ActionView::Template::Error (couldn't find file 'bootstrap.min' with type 'text/css'):
    2: <html>
    3: <head>
    4:   <title>MySite</title>
    5:   <%= stylesheet_link_tag    'application', media: 'all', 'data-turbolinks-track' => true %>
    6:   <%= javascript_include_tag 'application', 'data-turbolinks-track' => true %>
    7:   <%= csrf_meta_tags %>
    8: </head>
  app/assets/stylesheets/application.css:15
  app/views/layouts/application.html.erb:5:in `_app_views_layouts_application_html_erb___1442863524466174900_70225556890900'


  Rendered /Users/sv032366/.rvm/gems/ruby-2.1.2/gems/actionpack-4.2.4/lib/action_dispatch/middleware/templates/rescues/_source.erb (8.6ms)
  Rendered /Users/sv032366/.rvm/gems/ruby-2.1.2/gems/actionpack-4.2.4/lib/action_dispatch/middleware/templates/rescues/_trace.html.erb (2.7ms)
  Rendered /Users/sv032366/.rvm/gems/ruby-2.1.2/gems/actionpack-4.2.4/lib/action_dispatch/middleware/templates/rescues/_request_and_response.html.erb (0.8ms)
  Rendered /Users/sv032366/.rvm/gems/ruby-2.1.2/gems/actionpack-4.2.4/lib/action_dispatch/middleware/templates/rescues/template_error.html.erb within rescues/layout (30.0ms)
  Rendered /Users/sv032366/.rvm/gems/ruby-2.1.2/gems/web-console-2.2.1/lib/web_console/templates/_markup.html.erb (0.3ms)
  Rendered /Users/sv032366/.rvm/gems/ruby-2.1.2/gems/web-console-2.2.1/lib/web_console/templates/_inner_console_markup.html.erb within layouts/inlined_string (0.3ms)
  Rendered /Users/sv032366/.rvm/gems/ruby-2.1.2/gems/web-console-2.2.1/lib/web_console/templates/_prompt_box_markup.html.erb within layouts/inlined_string (0.4ms)
  Rendered /Users/sv032366/.rvm/gems/ruby-2.1.2/gems/web-console-2.2.1/lib/web_console/templates/style.css.erb within layouts/inlined_string (0.2ms)
  Rendered /Users/sv032366/.rvm/gems/ruby-2.1.2/gems/web-console-2.2.1/lib/web_console/templates/console.js.erb within layouts/javascript (18.0ms)
  Rendered /Users/sv032366/.rvm/gems/ruby-2.1.2/gems/web-console-2.2.1/lib/web_console/templates/main.js.erb within layouts/javascript (0.2ms)
  Rendered /Users/sv032366/.rvm/gems/ruby-2.1.2/gems/web-console-2.2.1/lib/web_console/templates/error_page.js.erb within layouts/javascript (0.4ms)
  Rendered /Users/sv032366/.rvm/gems/ruby-2.1.2/gems/web-console-2.2.1/lib/web_console/templates/index.html.erb (39.4ms)


Started GET "/" for ::1 at 2015-10-14 11:44:32 -0500

Gem::LoadError (Specified 'sqlite3' for database adapter, but the gem is not loaded. Add `gem 'sqlite3'` to your Gemfile (and ensure its version is at the minimum required by ActiveRecord).):
  activerecord (4.2.4) lib/active_record/connection_adapters/connection_specification.rb:177:in `rescue in spec'
  activerecord (4.2.4) lib/active_record/connection_adapters/connection_specification.rb:174:in `spec'
  activerecord (4.2.4) lib/active_record/connection_handling.rb:50:in `establish_connection'
  activerecord (4.2.4) lib/active_record/railtie.rb:120:in `block (2 levels) in <class:Railtie>'
  activesupport (4.2.4) lib/active_support/lazy_load_hooks.rb:38:in `instance_eval'
  activesupport (4.2.4) lib/active_support/lazy_load_hooks.rb:38:in `execute_hook'
  activesupport (4.2.4) lib/active_support/lazy_load_hooks.rb:45:in `block in run_load_hooks'
  activesupport (4.2.4) lib/active_support/lazy_load_hooks.rb:44:in `each'
  activesupport (4.2.4) lib/active_support/lazy_load_hooks.rb:44:in `run_load_hooks'
  activerecord (4.2.4) lib/active_record/base.rb:315:in `<module:ActiveRecord>'
  activerecord (4.2.4) lib/active_record/base.rb:26:in `<top (required)>'
  activerecord (4.2.4) lib/active_record/migration.rb:383:in `connection'
  activerecord (4.2.4) lib/active_record/migration.rb:370:in `call'
  actionpack (4.2.4) lib/action_dispatch/middleware/callbacks.rb:29:in `block in call'
  activesupport (4.2.4) lib/active_support/callbacks.rb:88:in `__run_callbacks__'
  activesupport (4.2.4) lib/active_support/callbacks.rb:778:in `_run_call_callbacks'
  activesupport (4.2.4) lib/active_support/callbacks.rb:81:in `run_callbacks'
  actionpack (4.2.4) lib/action_dispatch/middleware/callbacks.rb:27:in `call'
  actionpack (4.2.4) lib/action_dispatch/middleware/reloader.rb:73:in `call'
  actionpack (4.2.4) lib/action_dispatch/middleware/remote_ip.rb:78:in `call'
  actionpack (4.2.4) lib/action_dispatch/middleware/debug_exceptions.rb:17:in `call'
  web-console (2.2.1) lib/web_console/middleware.rb:39:in `call'
  actionpack (4.2.4) lib/action_dispatch/middleware/show_exceptions.rb:30:in `call'
  railties (4.2.4) lib/rails/rack/logger.rb:38:in `call_app'
  railties (4.2.4) lib/rails/rack/logger.rb:20:in `block in call'
  activesupport (4.2.4) lib/active_support/tagged_logging.rb:68:in `block in tagged'
  activesupport (4.2.4) lib/active_support/tagged_logging.rb:26:in `tagged'
  activesupport (4.2.4) lib/active_support/tagged_logging.rb:68:in `tagged'
  railties (4.2.4) lib/rails/rack/logger.rb:20:in `call'
  actionpack (4.2.4) lib/action_dispatch/middleware/request_id.rb:21:in `call'
  rack (1.6.4) lib/rack/methodoverride.rb:22:in `call'
  rack (1.6.4) lib/rack/runtime.rb:18:in `call'
  activesupport (4.2.4) lib/active_support/cache/strategy/local_cache_middleware.rb:28:in `call'
  rack (1.6.4) lib/rack/lock.rb:17:in `call'
  actionpack (4.2.4) lib/action_dispatch/middleware/static.rb:116:in `call'
  rack (1.6.4) lib/rack/sendfile.rb:113:in `call'
  railties (4.2.4) lib/rails/engine.rb:518:in `call'
  railties (4.2.4) lib/rails/application.rb:165:in `call'
  rack (1.6.4) lib/rack/lock.rb:17:in `call'
  rack (1.6.4) lib/rack/content_length.rb:15:in `call'
  rack (1.6.4) lib/rack/handler/webrick.rb:88:in `service'
  /Users/sv032366/.rvm/rubies/ruby-2.1.2/lib/ruby/2.1.0/webrick/httpserver.rb:138:in `service'
  /Users/sv032366/.rvm/rubies/ruby-2.1.2/lib/ruby/2.1.0/webrick/httpserver.rb:94:in `run'
  /Users/sv032366/.rvm/rubies/ruby-2.1.2/lib/ruby/2.1.0/webrick/server.rb:295:in `block in start_thread'


  Rendered /Users/sv032366/.rvm/gems/ruby-2.1.2/gems/actionpack-4.2.4/lib/action_dispatch/middleware/templates/rescues/_source.erb (2.8ms)
  Rendered /Users/sv032366/.rvm/gems/ruby-2.1.2/gems/actionpack-4.2.4/lib/action_dispatch/middleware/templates/rescues/_trace.html.erb (1.4ms)
  Rendered /Users/sv032366/.rvm/gems/ruby-2.1.2/gems/actionpack-4.2.4/lib/action_dispatch/middleware/templates/rescues/_request_and_response.html.erb (0.8ms)
  Rendered /Users/sv032366/.rvm/gems/ruby-2.1.2/gems/actionpack-4.2.4/lib/action_dispatch/middleware/templates/rescues/diagnostics.html.erb within rescues/layout (17.1ms)
  Rendered /Users/sv032366/.rvm/gems/ruby-2.1.2/gems/web-console-2.2.1/lib/web_console/templates/_markup.html.erb (0.3ms)
  Rendered /Users/sv032366/.rvm/gems/ruby-2.1.2/gems/web-console-2.2.1/lib/web_console/templates/_inner_console_markup.html.erb within layouts/inlined_string (0.3ms)
  Rendered /Users/sv032366/.rvm/gems/ruby-2.1.2/gems/web-console-2.2.1/lib/web_console/templates/_prompt_box_markup.html.erb within layouts/inlined_string (0.3ms)
  Rendered /Users/sv032366/.rvm/gems/ruby-2.1.2/gems/web-console-2.2.1/lib/web_console/templates/style.css.erb within layouts/inlined_string (0.3ms)
  Rendered /Users/sv032366/.rvm/gems/ruby-2.1.2/gems/web-console-2.2.1/lib/web_console/templates/console.js.erb within layouts/javascript (13.9ms)
  Rendered /Users/sv032366/.rvm/gems/ruby-2.1.2/gems/web-console-2.2.1/lib/web_console/templates/main.js.erb within layouts/javascript (0.2ms)
  Rendered /Users/sv032366/.rvm/gems/ruby-2.1.2/gems/web-console-2.2.1/lib/web_console/templates/error_page.js.erb within layouts/javascript (0.3ms)
  Rendered /Users/sv032366/.rvm/gems/ruby-2.1.2/gems/web-console-2.2.1/lib/web_console/templates/index.html.erb (31.0ms)


Started GET "/" for ::1 at 2015-10-14 11:45:35 -0500
Processing by LandingPageController#home as HTML
  Rendered landing_page/home.html.erb within layouts/application (1.1ms)
Completed 500 Internal Server Error in 1192ms (ActiveRecord: 0.0ms)

ActionView::Template::Error (couldn't find file 'bootstrap.min' with type 'application/javascript'):
    3: <head>
    4:   <title>MySite</title>
    5:   <%= stylesheet_link_tag    'application', media: 'all', 'data-turbolinks-track' => true %>
    6:   <%= javascript_include_tag 'application', 'data-turbolinks-track' => true %>
    7:   <%= csrf_meta_tags %>
    8: </head>
    9: <body>
  app/assets/javascripts/application.js:17
  app/views/layouts/application.html.erb:6:in `_app_views_layouts_application_html_erb__1732974778001862466_70278289820000'


  Rendered /Users/sv032366/.rvm/gems/ruby-2.1.2/gems/actionpack-4.2.4/lib/action_dispatch/middleware/templates/rescues/_source.erb (9.8ms)
  Rendered /Users/sv032366/.rvm/gems/ruby-2.1.2/gems/actionpack-4.2.4/lib/action_dispatch/middleware/templates/rescues/_trace.html.erb (3.4ms)
  Rendered /Users/sv032366/.rvm/gems/ruby-2.1.2/gems/actionpack-4.2.4/lib/action_dispatch/middleware/templates/rescues/_request_and_response.html.erb (1.2ms)
  Rendered /Users/sv032366/.rvm/gems/ruby-2.1.2/gems/actionpack-4.2.4/lib/action_dispatch/middleware/templates/rescues/template_error.html.erb within rescues/layout (26.9ms)
  Rendered /Users/sv032366/.rvm/gems/ruby-2.1.2/gems/web-console-2.2.1/lib/web_console/templates/_markup.html.erb (0.4ms)
  Rendered /Users/sv032366/.rvm/gems/ruby-2.1.2/gems/web-console-2.2.1/lib/web_console/templates/_inner_console_markup.html.erb within layouts/inlined_string (0.3ms)
  Rendered /Users/sv032366/.rvm/gems/ruby-2.1.2/gems/web-console-2.2.1/lib/web_console/templates/_prompt_box_markup.html.erb within layouts/inlined_string (0.3ms)
  Rendered /Users/sv032366/.rvm/gems/ruby-2.1.2/gems/web-console-2.2.1/lib/web_console/templates/style.css.erb within layouts/inlined_string (0.6ms)
  Rendered /Users/sv032366/.rvm/gems/ruby-2.1.2/gems/web-console-2.2.1/lib/web_console/templates/console.js.erb within layouts/javascript (13.3ms)
  Rendered /Users/sv032366/.rvm/gems/ruby-2.1.2/gems/web-console-2.2.1/lib/web_console/templates/main.js.erb within layouts/javascript (0.4ms)
  Rendered /Users/sv032366/.rvm/gems/ruby-2.1.2/gems/web-console-2.2.1/lib/web_console/templates/error_page.js.erb within layouts/javascript (0.5ms)
  Rendered /Users/sv032366/.rvm/gems/ruby-2.1.2/gems/web-console-2.2.1/lib/web_console/templates/index.html.erb (31.7ms)


Started GET "/" for ::1 at 2015-10-14 11:45:47 -0500
Processing by LandingPageController#home as HTML
  Rendered landing_page/home.html.erb within layouts/application (0.0ms)
Completed 200 OK in 282ms (Views: 281.4ms | ActiveRecord: 0.0ms)


Started GET "/assets/landing_page.self-e3b0c44298fc1c149afbf4c8996fb92427ae41e4649b934ca495991b7852b855.css?body=1" for ::1 at 2015-10-14 11:45:48 -0500


Started GET "/assets/application.self-d885a0a66bd595c10edb24f8879f94e334d88be0730c4d7c7a7b57c731c09037.css?body=1" for ::1 at 2015-10-14 11:45:48 -0500


Started GET "/assets/twitter/bootstrap.self-d7e1376b07cabe69dbc6b3b78a5babda2587322b97ddb51cc284347e18d6eb0b.css?body=1" for ::1 at 2015-10-14 11:45:48 -0500


Started GET "/assets/portfolio_page.self-e3b0c44298fc1c149afbf4c8996fb92427ae41e4649b934ca495991b7852b855.css?body=1" for ::1 at 2015-10-14 11:45:48 -0500


Started GET "/assets/landing_page.self-dc448ff99ab6a0232bcce01b523d19b6cdfd96ec03cfd5ef4037919098ec7c28.js?body=1" for ::1 at 2015-10-14 11:45:48 -0500


Started GET "/assets/portfolio_page.self-dc448ff99ab6a0232bcce01b523d19b6cdfd96ec03cfd5ef4037919098ec7c28.js?body=1" for ::1 at 2015-10-14 11:45:48 -0500


Started GET "/" for ::1 at 2015-10-14 13:23:44 -0500
Processing by LandingPageController#home as HTML
  Rendered landing_page/home.html.erb within layouts/application (2.1ms)
Completed 500 Internal Server Error in 225ms (ActiveRecord: 0.0ms)

LoadError (cannot load such file -- sass):
  app/views/layouts/application.html.erb:5:in `_app_views_layouts_application_html_erb__2230710176004575818_70344221109420'


  Rendered /Users/sv032366/.rvm/gems/ruby-2.1.2/gems/actionpack-4.2.4/lib/action_dispatch/middleware/templates/rescues/_source.erb (7.4ms)
  Rendered /Users/sv032366/.rvm/gems/ruby-2.1.2/gems/actionpack-4.2.4/lib/action_dispatch/middleware/templates/rescues/_trace.html.erb (3.1ms)
  Rendered /Users/sv032366/.rvm/gems/ruby-2.1.2/gems/actionpack-4.2.4/lib/action_dispatch/middleware/templates/rescues/_request_and_response.html.erb (1.0ms)
  Rendered /Users/sv032366/.rvm/gems/ruby-2.1.2/gems/actionpack-4.2.4/lib/action_dispatch/middleware/templates/rescues/diagnostics.html.erb within rescues/layout (22.9ms)
  Rendered /Users/sv032366/.rvm/gems/ruby-2.1.2/gems/web-console-2.2.1/lib/web_console/templates/_markup.html.erb (0.3ms)
  Rendered /Users/sv032366/.rvm/gems/ruby-2.1.2/gems/web-console-2.2.1/lib/web_console/templates/_inner_console_markup.html.erb within layouts/inlined_string (0.3ms)
  Rendered /Users/sv032366/.rvm/gems/ruby-2.1.2/gems/web-console-2.2.1/lib/web_console/templates/_prompt_box_markup.html.erb within layouts/inlined_string (0.3ms)
  Rendered /Users/sv032366/.rvm/gems/ruby-2.1.2/gems/web-console-2.2.1/lib/web_console/templates/style.css.erb within layouts/inlined_string (0.3ms)
  Rendered /Users/sv032366/.rvm/gems/ruby-2.1.2/gems/web-console-2.2.1/lib/web_console/templates/console.js.erb within layouts/javascript (13.0ms)
  Rendered /Users/sv032366/.rvm/gems/ruby-2.1.2/gems/web-console-2.2.1/lib/web_console/templates/main.js.erb within layouts/javascript (0.2ms)
  Rendered /Users/sv032366/.rvm/gems/ruby-2.1.2/gems/web-console-2.2.1/lib/web_console/templates/error_page.js.erb within layouts/javascript (0.3ms)
  Rendered /Users/sv032366/.rvm/gems/ruby-2.1.2/gems/web-console-2.2.1/lib/web_console/templates/index.html.erb (29.4ms)


Started GET "/" for ::1 at 2015-10-14 13:58:03 -0500
Processing by LandingPageController#home as HTML
  Rendered landing_page/home.html.erb within layouts/application (2.1ms)
Completed 500 Internal Server Error in 214ms (ActiveRecord: 0.0ms)

LoadError (cannot load such file -- sass):
  app/views/layouts/application.html.erb:5:in `_app_views_layouts_application_html_erb__3073140319089622337_70295958028620'


  Rendered /Users/sv032366/.rvm/gems/ruby-2.1.2/gems/actionpack-4.2.4/lib/action_dispatch/middleware/templates/rescues/_source.erb (7.8ms)
  Rendered /Users/sv032366/.rvm/gems/ruby-2.1.2/gems/actionpack-4.2.4/lib/action_dispatch/middleware/templates/rescues/_trace.html.erb (3.2ms)
  Rendered /Users/sv032366/.rvm/gems/ruby-2.1.2/gems/actionpack-4.2.4/lib/action_dispatch/middleware/templates/rescues/_request_and_response.html.erb (1.0ms)
  Rendered /Users/sv032366/.rvm/gems/ruby-2.1.2/gems/actionpack-4.2.4/lib/action_dispatch/middleware/templates/rescues/diagnostics.html.erb within rescues/layout (23.4ms)
  Rendered /Users/sv032366/.rvm/gems/ruby-2.1.2/gems/web-console-2.2.1/lib/web_console/templates/_markup.html.erb (0.3ms)
  Rendered /Users/sv032366/.rvm/gems/ruby-2.1.2/gems/web-console-2.2.1/lib/web_console/templates/_inner_console_markup.html.erb within layouts/inlined_string (0.3ms)
  Rendered /Users/sv032366/.rvm/gems/ruby-2.1.2/gems/web-console-2.2.1/lib/web_console/templates/_prompt_box_markup.html.erb within layouts/inlined_string (0.3ms)
  Rendered /Users/sv032366/.rvm/gems/ruby-2.1.2/gems/web-console-2.2.1/lib/web_console/templates/style.css.erb within layouts/inlined_string (0.4ms)
  Rendered /Users/sv032366/.rvm/gems/ruby-2.1.2/gems/web-console-2.2.1/lib/web_console/templates/console.js.erb within layouts/javascript (14.8ms)
  Rendered /Users/sv032366/.rvm/gems/ruby-2.1.2/gems/web-console-2.2.1/lib/web_console/templates/main.js.erb within layouts/javascript (0.2ms)
  Rendered /Users/sv032366/.rvm/gems/ruby-2.1.2/gems/web-console-2.2.1/lib/web_console/templates/error_page.js.erb within layouts/javascript (0.3ms)
  Rendered /Users/sv032366/.rvm/gems/ruby-2.1.2/gems/web-console-2.2.1/lib/web_console/templates/index.html.erb (31.7ms)


Started GET "/" for ::1 at 2015-10-14 14:00:53 -0500
Processing by LandingPageController#home as HTML
  Rendered landing_page/home.html.erb within layouts/application (1.3ms)
Completed 500 Internal Server Error in 214ms (ActiveRecord: 0.0ms)

LoadError (cannot load such file -- sass):
  app/views/layouts/application.html.erb:5:in `_app_views_layouts_application_html_erb__106510098959534846_70248125070300'


  Rendered /Users/sv032366/.rvm/gems/ruby-2.1.2/gems/actionpack-4.2.4/lib/action_dispatch/middleware/templates/rescues/_source.erb (7.6ms)
  Rendered /Users/sv032366/.rvm/gems/ruby-2.1.2/gems/actionpack-4.2.4/lib/action_dispatch/middleware/templates/rescues/_trace.html.erb (2.7ms)
  Rendered /Users/sv032366/.rvm/gems/ruby-2.1.2/gems/actionpack-4.2.4/lib/action_dispatch/middleware/templates/rescues/_request_and_response.html.erb (0.8ms)
  Rendered /Users/sv032366/.rvm/gems/ruby-2.1.2/gems/actionpack-4.2.4/lib/action_dispatch/middleware/templates/rescues/diagnostics.html.erb within rescues/layout (21.4ms)
  Rendered /Users/sv032366/.rvm/gems/ruby-2.1.2/gems/web-console-2.2.1/lib/web_console/templates/_markup.html.erb (0.3ms)
  Rendered /Users/sv032366/.rvm/gems/ruby-2.1.2/gems/web-console-2.2.1/lib/web_console/templates/_inner_console_markup.html.erb within layouts/inlined_string (0.4ms)
  Rendered /Users/sv032366/.rvm/gems/ruby-2.1.2/gems/web-console-2.2.1/lib/web_console/templates/_prompt_box_markup.html.erb within layouts/inlined_string (0.3ms)
  Rendered /Users/sv032366/.rvm/gems/ruby-2.1.2/gems/web-console-2.2.1/lib/web_console/templates/style.css.erb within layouts/inlined_string (0.3ms)
  Rendered /Users/sv032366/.rvm/gems/ruby-2.1.2/gems/web-console-2.2.1/lib/web_console/templates/console.js.erb within layouts/javascript (13.8ms)
  Rendered /Users/sv032366/.rvm/gems/ruby-2.1.2/gems/web-console-2.2.1/lib/web_console/templates/main.js.erb within layouts/javascript (0.3ms)
  Rendered /Users/sv032366/.rvm/gems/ruby-2.1.2/gems/web-console-2.2.1/lib/web_console/templates/error_page.js.erb within layouts/javascript (0.3ms)
  Rendered /Users/sv032366/.rvm/gems/ruby-2.1.2/gems/web-console-2.2.1/lib/web_console/templates/index.html.erb (29.7ms)


Started GET "/" for ::1 at 2015-10-14 14:01:13 -0500
Processing by LandingPageController#home as HTML
  Rendered landing_page/home.html.erb within layouts/application (0.0ms)
Completed 200 OK in 2ms (Views: 1.7ms | ActiveRecord: 0.0ms)


Started GET "/" for ::1 at 2015-10-14 14:13:02 -0500
Processing by LandingPageController#home as HTML
  Rendered landing_page/home.html.erb within layouts/application (1.1ms)
Completed 200 OK in 19ms (Views: 7.8ms | ActiveRecord: 0.0ms)
